<?xml version="1.0" encoding="UTF-8"?>
<testng-results ignored="0" total="3" passed="2" failed="1" skipped="0">
  <reporter-output>
  </reporter-output>
  <suite started-at="2023-07-11T16:47:05 CEST" name="Surefire suite" finished-at="2023-07-11T16:47:44 CEST" duration-ms="39508">
    <groups>
      <group name="cucumber">
        <method signature="AbstractTestNGCucumberTests.runScenario(io.cucumber.testng.PickleWrapper,io.cucumber.testng.FeatureWrapper)[pri:0, instance:runner.TestRunner@482cd91f]" name="runScenario" class="io.cucumber.testng.AbstractTestNGCucumberTests"/>
      </group> <!-- cucumber -->
    </groups>
    <test started-at="2023-07-11T16:47:05 CEST" name="Surefire test" finished-at="2023-07-11T16:47:44 CEST" duration-ms="39508">
      <class name="runner.TestRunner">
        <test-method is-config="true" signature="setUpClass(org.testng.ITestContext)[pri:0, instance:runner.TestRunner@482cd91f]" started-at="2023-07-11T16:47:05 CEST" name="setUpClass" finished-at="2023-07-11T16:47:06 CEST" duration-ms="657" status="PASS">
          <params>
            <param index="0">
              <value>
                <![CDATA[org.testng.TestRunner@37d28938]]>
              </value>
            </param>
          </params>
          <reporter-output>
          </reporter-output>
        </test-method> <!-- setUpClass -->
        <test-method signature="runScenario(io.cucumber.testng.PickleWrapper,io.cucumber.testng.FeatureWrapper)[pri:0, instance:runner.TestRunner@482cd91f]" started-at="2023-07-11T16:47:06 CEST" name="runScenario" description="Runs Cucumber Scenarios" data-provider="scenarios" finished-at="2023-07-11T16:47:19 CEST" duration-ms="12891" status="PASS">
          <params>
            <param index="0">
              <value>
                <![CDATA["Verify the authenticity of The Guardians first news article by cross-referencing with other sources."]]>
              </value>
            </param>
            <param index="1">
              <value>
                <![CDATA["Verifying The Guardian news article authenticity to prevent fake news."]]>
              </value>
            </param>
          </params>
          <reporter-output>
          </reporter-output>
        </test-method> <!-- runScenario -->
        <test-method signature="runScenario(io.cucumber.testng.PickleWrapper,io.cucumber.testng.FeatureWrapper)[pri:0, instance:runner.TestRunner@482cd91f]" started-at="2023-07-11T16:47:19 CEST" name="runScenario" description="Runs Cucumber Scenarios" data-provider="scenarios" finished-at="2023-07-11T16:47:32 CEST" duration-ms="13277" status="PASS">
          <params>
            <param index="0">
              <value>
                <![CDATA["Verify the authenticity of The Guardians second news article by cross-referencing with other sources."]]>
              </value>
            </param>
            <param index="1">
              <value>
                <![CDATA["Verifying The Guardian news article authenticity to prevent fake news."]]>
              </value>
            </param>
          </params>
          <reporter-output>
          </reporter-output>
        </test-method> <!-- runScenario -->
        <test-method signature="runScenario(io.cucumber.testng.PickleWrapper,io.cucumber.testng.FeatureWrapper)[pri:0, instance:runner.TestRunner@482cd91f]" started-at="2023-07-11T16:47:32 CEST" name="runScenario" description="Runs Cucumber Scenarios" data-provider="scenarios" finished-at="2023-07-11T16:47:44 CEST" duration-ms="11823" status="FAIL">
          <params>
            <param index="0">
              <value>
                <![CDATA["Invalidate the authenticity of The Guardians first news article by cross-referencing with other sources."]]>
              </value>
            </param>
            <param index="1">
              <value>
                <![CDATA["Verifying The Guardian news article authenticity to prevent fake news."]]>
              </value>
            </param>
          </params>
          <exception class="java.lang.AssertionError">
            <message>
              <![CDATA[News from The Guardian is Valid  expected [false] but found [true]]]>
            </message>
            <full-stacktrace>
              <![CDATA[java.lang.AssertionError: News from The Guardian is Valid  expected [false] but found [true]
at org.testng.Assert.fail(Assert.java:110)
at org.testng.Assert.failNotEquals(Assert.java:1413)
at org.testng.Assert.assertFalse(Assert.java:78)
at stepDefinitions.GuardianNewsTestStepDef.the_news_article_from_guardian_news_page_should_be_considered_invalid_if_the_number_of_similar_articles_on_other_sources_is_less_than(GuardianNewsTestStepDef.java:90)
at âœ½.The news article from Guardian news page should be considered Invalid if the number of similar articles on other sources is less than 2(file:///home/ssingla/eclipse-workspace/GuardianNewsAssignment/src/test/resources/features/GuardianNewsTest.feature:26)
]]>
            </full-stacktrace>
          </exception> <!-- java.lang.AssertionError -->
          <reporter-output>
          </reporter-output>
        </test-method> <!-- runScenario -->
        <test-method is-config="true" signature="tearDownClass()[pri:0, instance:runner.TestRunner@482cd91f]" started-at="2023-07-11T16:47:44 CEST" name="tearDownClass" finished-at="2023-07-11T16:47:44 CEST" duration-ms="816" status="PASS">
          <reporter-output>
          </reporter-output>
        </test-method> <!-- tearDownClass -->
      </class> <!-- runner.TestRunner -->
    </test> <!-- Surefire test -->
  </suite> <!-- Surefire suite -->
</testng-results>
